<assembly xmlns="http://maven.apache.org/ASSEMBLY/2.0.0" 
		  xmlns:xsi="http://www.w3.org/2001/XMLSchema-instance"
  		  xsi:schemaLocation="http://maven.apache.org/ASSEMBLY/2.0.0 http://maven.apache.org/xsd/assembly-2.0.0.xsd">
  
  <id>test-tools</id>
  <includeBaseDirectory>false</includeBaseDirectory>
  
  <formats>
  	<format>jar</format>
  </formats>
  
  <dependencySets>
  	<dependencySet>
  		<outputDirectory>/</outputDirectory>
  		<useProjectArtifact>true</useProjectArtifact>
  		<unpack>true</unpack>
  		<scope>test</scope>
  	</dependencySet>
  </dependencySets>
  
  <fileSets>
  	<fileSet>
  		<directory>../nifi-enrich-data-processors/target/test-classes</directory>
  		<outputDirectory>/</outputDirectory>
  		<includes>
  			<include>**/*.class</include>
  		</includes>
  		<useDefaultExcludes>true</useDefaultExcludes>
  	</fileSet>
  </fileSets>
  		  
</assembly>